.\Debug\ServerDemo.ilk
.\Debug\ServerDemo.pdb
C:\0a_share_with_virtual_box\ebs\gitsources\httpserverandclient\http\v0.2.6\project\msvs.net2010\win32\serverdemo\.\Debug\ServerDemo.exe
C:\0a_share_with_virtual_box\ebs\gitsources\httpserverandclient\http\v0.2.6\project\msvs.net2010\win32\serverdemo\.\Debug\ServerDemo.exe.intermediate.manifest
C:\0a_share_with_virtual_box\ebs\gitsources\httpserverandclient\http\v0.2.6\project\msvs.net2010\win32\serverdemo\Debug\cl.command.1.tlog
C:\0a_share_with_virtual_box\ebs\gitsources\httpserverandclient\http\v0.2.6\project\msvs.net2010\win32\serverdemo\Debug\CL.read.1.tlog
C:\0a_share_with_virtual_box\ebs\gitsources\httpserverandclient\http\v0.2.6\project\msvs.net2010\win32\serverdemo\Debug\CL.write.1.tlog
C:\0A_SHARE_WITH_VIRTUAL_BOX\EBS\GITSOURCES\HTTPSERVERANDCLIENT\HTTP\V0.2.6\PROJECT\MSVS.NET2010\WIN32\SERVERDEMO\DEBUG\EXAMPLE_CLIENT.OBJ
C:\0A_SHARE_WITH_VIRTUAL_BOX\EBS\GITSOURCES\HTTPSERVERANDCLIENT\HTTP\V0.2.6\PROJECT\MSVS.NET2010\WIN32\SERVERDEMO\DEBUG\EXAMPLE_SERVER.OBJ
C:\0A_SHARE_WITH_VIRTUAL_BOX\EBS\GITSOURCES\HTTPSERVERANDCLIENT\HTTP\V0.2.6\PROJECT\MSVS.NET2010\WIN32\SERVERDEMO\DEBUG\EXAMPLE_SERVER_ADVANCED.OBJ
C:\0A_SHARE_WITH_VIRTUAL_BOX\EBS\GITSOURCES\HTTPSERVERANDCLIENT\HTTP\V0.2.6\PROJECT\MSVS.NET2010\WIN32\SERVERDEMO\DEBUG\FILEEXT.OBJ
C:\0A_SHARE_WITH_VIRTUAL_BOX\EBS\GITSOURCES\HTTPSERVERANDCLIENT\HTTP\V0.2.6\PROJECT\MSVS.NET2010\WIN32\SERVERDEMO\DEBUG\FILETYPE.OBJ
C:\0A_SHARE_WITH_VIRTUAL_BOX\EBS\GITSOURCES\HTTPSERVERANDCLIENT\HTTP\V0.2.6\PROJECT\MSVS.NET2010\WIN32\SERVERDEMO\DEBUG\HTTMLUTILS.OBJ
C:\0A_SHARE_WITH_VIRTUAL_BOX\EBS\GITSOURCES\HTTPSERVERANDCLIENT\HTTP\V0.2.6\PROJECT\MSVS.NET2010\WIN32\SERVERDEMO\DEBUG\HTTPAUTH.OBJ
C:\0A_SHARE_WITH_VIRTUAL_BOX\EBS\GITSOURCES\HTTPSERVERANDCLIENT\HTTP\V0.2.6\PROJECT\MSVS.NET2010\WIN32\SERVERDEMO\DEBUG\HTTPCLI.OBJ
C:\0A_SHARE_WITH_VIRTUAL_BOX\EBS\GITSOURCES\HTTPSERVERANDCLIENT\HTTP\V0.2.6\PROJECT\MSVS.NET2010\WIN32\SERVERDEMO\DEBUG\HTTPMCLI.OBJ
C:\0A_SHARE_WITH_VIRTUAL_BOX\EBS\GITSOURCES\HTTPSERVERANDCLIENT\HTTP\V0.2.6\PROJECT\MSVS.NET2010\WIN32\SERVERDEMO\DEBUG\HTTPP.OBJ
C:\0A_SHARE_WITH_VIRTUAL_BOX\EBS\GITSOURCES\HTTPSERVERANDCLIENT\HTTP\V0.2.6\PROJECT\MSVS.NET2010\WIN32\SERVERDEMO\DEBUG\HTTPSCLI.OBJ
C:\0A_SHARE_WITH_VIRTUAL_BOX\EBS\GITSOURCES\HTTPSERVERANDCLIENT\HTTP\V0.2.6\PROJECT\MSVS.NET2010\WIN32\SERVERDEMO\DEBUG\HTTPSRV.OBJ
C:\0A_SHARE_WITH_VIRTUAL_BOX\EBS\GITSOURCES\HTTPSERVERANDCLIENT\HTTP\V0.2.6\PROJECT\MSVS.NET2010\WIN32\SERVERDEMO\DEBUG\HTTPSRVFRAMEWORK.OBJ
C:\0A_SHARE_WITH_VIRTUAL_BOX\EBS\GITSOURCES\HTTPSERVERANDCLIENT\HTTP\V0.2.6\PROJECT\MSVS.NET2010\WIN32\SERVERDEMO\DEBUG\HTTPSSRV.OBJ
C:\0a_share_with_virtual_box\ebs\gitsources\httpserverandclient\http\v0.2.6\project\msvs.net2010\win32\serverdemo\Debug\link.8164.read.1.tlog
C:\0a_share_with_virtual_box\ebs\gitsources\httpserverandclient\http\v0.2.6\project\msvs.net2010\win32\serverdemo\Debug\link.8164.write.1.tlog
C:\0a_share_with_virtual_box\ebs\gitsources\httpserverandclient\http\v0.2.6\project\msvs.net2010\win32\serverdemo\Debug\link.8164-cvtres.read.1.tlog
C:\0a_share_with_virtual_box\ebs\gitsources\httpserverandclient\http\v0.2.6\project\msvs.net2010\win32\serverdemo\Debug\link.8164-cvtres.write.1.tlog
C:\0a_share_with_virtual_box\ebs\gitsources\httpserverandclient\http\v0.2.6\project\msvs.net2010\win32\serverdemo\Debug\link.command.1.tlog
C:\0a_share_with_virtual_box\ebs\gitsources\httpserverandclient\http\v0.2.6\project\msvs.net2010\win32\serverdemo\Debug\link.read.1.tlog
C:\0a_share_with_virtual_box\ebs\gitsources\httpserverandclient\http\v0.2.6\project\msvs.net2010\win32\serverdemo\Debug\link.write.1.tlog
C:\0a_share_with_virtual_box\ebs\gitsources\httpserverandclient\http\v0.2.6\project\msvs.net2010\win32\serverdemo\Debug\link-cvtres.read.1.tlog
C:\0a_share_with_virtual_box\ebs\gitsources\httpserverandclient\http\v0.2.6\project\msvs.net2010\win32\serverdemo\Debug\link-cvtres.write.1.tlog
C:\0A_SHARE_WITH_VIRTUAL_BOX\EBS\GITSOURCES\HTTPSERVERANDCLIENT\HTTP\V0.2.6\PROJECT\MSVS.NET2010\WIN32\SERVERDEMO\DEBUG\MD5.OBJ
C:\0a_share_with_virtual_box\ebs\gitsources\httpserverandclient\http\v0.2.6\project\msvs.net2010\win32\serverdemo\Debug\mt.command.1.tlog
C:\0a_share_with_virtual_box\ebs\gitsources\httpserverandclient\http\v0.2.6\project\msvs.net2010\win32\serverdemo\Debug\mt.read.1.tlog
C:\0a_share_with_virtual_box\ebs\gitsources\httpserverandclient\http\v0.2.6\project\msvs.net2010\win32\serverdemo\Debug\mt.write.1.tlog
C:\0a_share_with_virtual_box\ebs\gitsources\httpserverandclient\http\v0.2.6\project\msvs.net2010\win32\serverdemo\Debug\rc.command.1.tlog
C:\0a_share_with_virtual_box\ebs\gitsources\httpserverandclient\http\v0.2.6\project\msvs.net2010\win32\serverdemo\Debug\rc.read.1.tlog
C:\0a_share_with_virtual_box\ebs\gitsources\httpserverandclient\http\v0.2.6\project\msvs.net2010\win32\serverdemo\Debug\rc.write.1.tlog
C:\0A_SHARE_WITH_VIRTUAL_BOX\EBS\GITSOURCES\HTTPSERVERANDCLIENT\HTTP\V0.2.6\PROJECT\MSVS.NET2010\WIN32\SERVERDEMO\DEBUG\RTP.OBJ
C:\0A_SHARE_WITH_VIRTUAL_BOX\EBS\GITSOURCES\HTTPSERVERANDCLIENT\HTTP\V0.2.6\PROJECT\MSVS.NET2010\WIN32\SERVERDEMO\DEBUG\RTPCHAR.OBJ
C:\0A_SHARE_WITH_VIRTUAL_BOX\EBS\GITSOURCES\HTTPSERVERANDCLIENT\HTTP\V0.2.6\PROJECT\MSVS.NET2010\WIN32\SERVERDEMO\DEBUG\RTPDATE.OBJ
C:\0A_SHARE_WITH_VIRTUAL_BOX\EBS\GITSOURCES\HTTPSERVERANDCLIENT\HTTP\V0.2.6\PROJECT\MSVS.NET2010\WIN32\SERVERDEMO\DEBUG\RTPDEBUG.OBJ
C:\0A_SHARE_WITH_VIRTUAL_BOX\EBS\GITSOURCES\HTTPSERVERANDCLIENT\HTTP\V0.2.6\PROJECT\MSVS.NET2010\WIN32\SERVERDEMO\DEBUG\RTPDOBJ.OBJ
C:\0A_SHARE_WITH_VIRTUAL_BOX\EBS\GITSOURCES\HTTPSERVERANDCLIENT\HTTP\V0.2.6\PROJECT\MSVS.NET2010\WIN32\SERVERDEMO\DEBUG\RTPDUTIL.OBJ
C:\0A_SHARE_WITH_VIRTUAL_BOX\EBS\GITSOURCES\HTTPSERVERANDCLIENT\HTTP\V0.2.6\PROJECT\MSVS.NET2010\WIN32\SERVERDEMO\DEBUG\RTPFILE.OBJ
C:\0A_SHARE_WITH_VIRTUAL_BOX\EBS\GITSOURCES\HTTPSERVERANDCLIENT\HTTP\V0.2.6\PROJECT\MSVS.NET2010\WIN32\SERVERDEMO\DEBUG\RTPGUI.OBJ
C:\0A_SHARE_WITH_VIRTUAL_BOX\EBS\GITSOURCES\HTTPSERVERANDCLIENT\HTTP\V0.2.6\PROJECT\MSVS.NET2010\WIN32\SERVERDEMO\DEBUG\RTPHELPER.OBJ
C:\0A_SHARE_WITH_VIRTUAL_BOX\EBS\GITSOURCES\HTTPSERVERANDCLIENT\HTTP\V0.2.6\PROJECT\MSVS.NET2010\WIN32\SERVERDEMO\DEBUG\RTPLOG.OBJ
C:\0A_SHARE_WITH_VIRTUAL_BOX\EBS\GITSOURCES\HTTPSERVERANDCLIENT\HTTP\V0.2.6\PROJECT\MSVS.NET2010\WIN32\SERVERDEMO\DEBUG\RTPMEM.OBJ
C:\0A_SHARE_WITH_VIRTUAL_BOX\EBS\GITSOURCES\HTTPSERVERANDCLIENT\HTTP\V0.2.6\PROJECT\MSVS.NET2010\WIN32\SERVERDEMO\DEBUG\RTPNET.OBJ
C:\0A_SHARE_WITH_VIRTUAL_BOX\EBS\GITSOURCES\HTTPSERVERANDCLIENT\HTTP\V0.2.6\PROJECT\MSVS.NET2010\WIN32\SERVERDEMO\DEBUG\RTPNETSM.OBJ
C:\0A_SHARE_WITH_VIRTUAL_BOX\EBS\GITSOURCES\HTTPSERVERANDCLIENT\HTTP\V0.2.6\PROJECT\MSVS.NET2010\WIN32\SERVERDEMO\DEBUG\RTPPRINT.OBJ
C:\0A_SHARE_WITH_VIRTUAL_BOX\EBS\GITSOURCES\HTTPSERVERANDCLIENT\HTTP\V0.2.6\PROJECT\MSVS.NET2010\WIN32\SERVERDEMO\DEBUG\RTPSCNV.OBJ
C:\0A_SHARE_WITH_VIRTUAL_BOX\EBS\GITSOURCES\HTTPSERVERANDCLIENT\HTTP\V0.2.6\PROJECT\MSVS.NET2010\WIN32\SERVERDEMO\DEBUG\RTPSIGNL.OBJ
C:\0A_SHARE_WITH_VIRTUAL_BOX\EBS\GITSOURCES\HTTPSERVERANDCLIENT\HTTP\V0.2.6\PROJECT\MSVS.NET2010\WIN32\SERVERDEMO\DEBUG\RTPSSL.OBJ
C:\0A_SHARE_WITH_VIRTUAL_BOX\EBS\GITSOURCES\HTTPSERVERANDCLIENT\HTTP\V0.2.6\PROJECT\MSVS.NET2010\WIN32\SERVERDEMO\DEBUG\RTPSTDUP.OBJ
C:\0A_SHARE_WITH_VIRTUAL_BOX\EBS\GITSOURCES\HTTPSERVERANDCLIENT\HTTP\V0.2.6\PROJECT\MSVS.NET2010\WIN32\SERVERDEMO\DEBUG\RTPSTR.OBJ
C:\0A_SHARE_WITH_VIRTUAL_BOX\EBS\GITSOURCES\HTTPSERVERANDCLIENT\HTTP\V0.2.6\PROJECT\MSVS.NET2010\WIN32\SERVERDEMO\DEBUG\RTPTERM.OBJ
C:\0A_SHARE_WITH_VIRTUAL_BOX\EBS\GITSOURCES\HTTPSERVERANDCLIENT\HTTP\V0.2.6\PROJECT\MSVS.NET2010\WIN32\SERVERDEMO\DEBUG\RTPTHRD.OBJ
C:\0A_SHARE_WITH_VIRTUAL_BOX\EBS\GITSOURCES\HTTPSERVERANDCLIENT\HTTP\V0.2.6\PROJECT\MSVS.NET2010\WIN32\SERVERDEMO\DEBUG\RTPTIME.OBJ
C:\0A_SHARE_WITH_VIRTUAL_BOX\EBS\GITSOURCES\HTTPSERVERANDCLIENT\HTTP\V0.2.6\PROJECT\MSVS.NET2010\WIN32\SERVERDEMO\DEBUG\SERVERDEMO.EXE
C:\0A_SHARE_WITH_VIRTUAL_BOX\EBS\GITSOURCES\HTTPSERVERANDCLIENT\HTTP\V0.2.6\PROJECT\MSVS.NET2010\WIN32\SERVERDEMO\DEBUG\SERVERDEMO.EXE.EMBED.MANIFEST
C:\0A_SHARE_WITH_VIRTUAL_BOX\EBS\GITSOURCES\HTTPSERVERANDCLIENT\HTTP\V0.2.6\PROJECT\MSVS.NET2010\WIN32\SERVERDEMO\DEBUG\SERVERDEMO.EXE.EMBED.MANIFEST.RES
C:\0A_SHARE_WITH_VIRTUAL_BOX\EBS\GITSOURCES\HTTPSERVERANDCLIENT\HTTP\V0.2.6\PROJECT\MSVS.NET2010\WIN32\SERVERDEMO\DEBUG\SERVERDEMO.EXE.INTERMEDIATE.MANIFEST
C:\0A_SHARE_WITH_VIRTUAL_BOX\EBS\GITSOURCES\HTTPSERVERANDCLIENT\HTTP\V0.2.6\PROJECT\MSVS.NET2010\WIN32\SERVERDEMO\DEBUG\SERVERDEMO.ILK
C:\0A_SHARE_WITH_VIRTUAL_BOX\EBS\GITSOURCES\HTTPSERVERANDCLIENT\HTTP\V0.2.6\PROJECT\MSVS.NET2010\WIN32\SERVERDEMO\DEBUG\SERVERDEMO.OBJ
C:\0A_SHARE_WITH_VIRTUAL_BOX\EBS\GITSOURCES\HTTPSERVERANDCLIENT\HTTP\V0.2.6\PROJECT\MSVS.NET2010\WIN32\SERVERDEMO\DEBUG\SERVERDEMO.PDB
C:\0a_share_with_virtual_box\ebs\gitsources\httpserverandclient\http\v0.2.6\project\msvs.net2010\win32\serverdemo\Debug\ServerDemo.write.1.tlog
C:\0a_share_with_virtual_box\ebs\gitsources\httpserverandclient\http\v0.2.6\project\msvs.net2010\win32\serverdemo\Debug\ServerDemo_manifest.rc
C:\0a_share_with_virtual_box\ebs\gitsources\httpserverandclient\http\v0.2.6\project\msvs.net2010\win32\serverdemo\Debug\vc100.idb
C:\0A_SHARE_WITH_VIRTUAL_BOX\EBS\GITSOURCES\HTTPSERVERANDCLIENT\HTTP\V0.2.6\PROJECT\MSVS.NET2010\WIN32\SERVERDEMO\DEBUG\VC100.PDB
